[31m  ERROR[0m - [[33m13/Nov/2010 23:16:19[0m] "LoadError - no such file to load -- pg:
 /home/evan/.rvm/gems/ruby-1.9.2-p0/gems/activesupport-3.0.0/lib/active_support/dependencies.rb:239:in `require'
 /home/evan/.rvm/gems/ruby-1.9.2-p0/gems/activesupport-3.0.0/lib/active_support/dependencies.rb:239:in `block in require'
 /home/evan/.rvm/gems/ruby-1.9.2-p0/gems/activesupport-3.0.0/lib/active_support/dependencies.rb:225:in `block in load_dependency'
 /home/evan/.rvm/gems/ruby-1.9.2-p0/gems/activesupport-3.0.0/lib/active_support/dependencies.rb:591:in `new_constants_in'
 /home/evan/.rvm/gems/ruby-1.9.2-p0/gems/activesupport-3.0.0/lib/active_support/dependencies.rb:225:in `load_dependency'
 /home/evan/.rvm/gems/ruby-1.9.2-p0/gems/activesupport-3.0.0/lib/active_support/dependencies.rb:239:in `require'
 /home/evan/.rvm/gems/ruby-1.9.2-p0/gems/activerecord-3.0.0/lib/active_record/connection_adapters/postgresql_adapter.rb:9:in `postgresql_connection'
 /home/evan/.rvm/gems/ruby-1.9.2-p0/gems/activerecord-3.0.0/lib/active_record/connection_adapters/abstract/connection_pool.rb:230:in `new_connection'
 /home/evan/.rvm/gems/ruby-1.9.2-p0/gems/activerecord-3.0.0/lib/active_record/connection_adapters/abstract/connection_pool.rb:238:in `checkout_new_connection'
 /home/evan/.rvm/gems/ruby-1.9.2-p0/gems/activerecord-3.0.0/lib/active_record/connection_adapters/abstract/connection_pool.rb:194:in `block (2 levels) in checkout'
 /home/evan/.rvm/gems/ruby-1.9.2-p0/gems/activerecord-3.0.0/lib/active_record/connection_adapters/abstract/connection_pool.rb:190:in `loop'
 /home/evan/.rvm/gems/ruby-1.9.2-p0/gems/activerecord-3.0.0/lib/active_record/connection_adapters/abstract/connection_pool.rb:190:in `block in checkout'
 /home/evan/.rvm/rubies/ruby-1.9.2-p0/lib/ruby/1.9.1/monitor.rb:201:in `mon_synchronize'
 /home/evan/.rvm/gems/ruby-1.9.2-p0/gems/activerecord-3.0.0/lib/active_record/connection_adapters/abstract/connection_pool.rb:189:in `checkout'
 /home/evan/.rvm/gems/ruby-1.9.2-p0/gems/activerecord-3.0.0/lib/active_record/connection_adapters/abstract/connection_pool.rb:96:in `connection'
 /home/evan/.rvm/gems/ruby-1.9.2-p0/gems/activerecord-3.0.0/lib/active_record/connection_adapters/abstract/connection_pool.rb:318:in `retrieve_connection'
 /home/evan/.rvm/gems/ruby-1.9.2-p0/gems/activerecord-3.0.0/lib/active_record/connection_adapters/abstract/connection_specification.rb:97:in `retrieve_connection'
 /home/evan/.rvm/gems/ruby-1.9.2-p0/gems/activerecord-3.0.0/lib/active_record/connection_adapters/abstract/connection_specification.rb:89:in `connection'
 /home/evan/.rvm/gems/ruby-1.9.2-p0/gems/arel-1.0.1/lib/arel/engines/sql/engine.rb:9:in `connection'
 /home/evan/.rvm/gems/ruby-1.9.2-p0/gems/arel-1.0.1/lib/arel/engines/sql/relations/table.rb:37:in `initialize'
 /home/evan/.rvm/gems/ruby-1.9.2-p0/gems/activerecord-3.0.0/lib/active_record/base.rb:850:in `new'
 /home/evan/.rvm/gems/ruby-1.9.2-p0/gems/activerecord-3.0.0/lib/active_record/base.rb:850:in `arel_table'
 /home/evan/.rvm/gems/ruby-1.9.2-p0/gems/activerecord-3.0.0/lib/active_record/base.rb:896:in `relation'
 /home/evan/.rvm/gems/ruby-1.9.2-p0/gems/activerecord-3.0.0/lib/active_record/named_scope.rb:32:in `scoped'
 /home/evan/.rvm/gems/ruby-1.9.2-p0/gems/activerecord-3.0.0/lib/active_record/base.rb:439:in `last'
 /home/evan/PadrinoProjects/broadmac/app/app.rb:7:in `block in <class:Broadmac>'
 /home/evan/.rvm/gems/ruby-1.9.2-p0/gems/padrino-core-0.9.15/lib/padrino-core/application/routing.rb:242:in `call'
 /home/evan/.rvm/gems/ruby-1.9.2-p0/gems/padrino-core-0.9.15/lib/padrino-core/application/routing.rb:242:in `block in route'
 /home/evan/.rvm/gems/ruby-1.9.2-p0/gems/sinatra-1.0/lib/sinatra/base.rb:521:in `instance_eval'
 /home/evan/.rvm/gems/ruby-1.9.2-p0/gems/sinatra-1.0/lib/sinatra/base.rb:521:in `route_eval'
 /home/evan/.rvm/gems/ruby-1.9.2-p0/gems/padrino-core-0.9.15/lib/padrino-core/application/routing.rb:488:in `block in route!'
 /home/evan/.rvm/gems/ruby-1.9.2-p0/gems/padrino-core-0.9.15/lib/padrino-core/application/routing.rb:479:in `catch'
 /home/evan/.rvm/gems/ruby-1.9.2-p0/gems/padrino-core-0.9.15/lib/padrino-core/application/routing.rb:479:in `route!'
 /home/evan/.rvm/gems/ruby-1.9.2-p0/gems/sinatra-1.0/lib/sinatra/base.rb:601:in `dispatch!'
 /home/evan/.rvm/gems/ruby-1.9.2-p0/gems/sinatra-1.0/lib/sinatra/base.rb:411:in `block in call!'
 /home/evan/.rvm/gems/ruby-1.9.2-p0/gems/sinatra-1.0/lib/sinatra/base.rb:566:in `instance_eval'
 /home/evan/.rvm/gems/ruby-1.9.2-p0/gems/sinatra-1.0/lib/sinatra/base.rb:566:in `block in invoke'
 /home/evan/.rvm/gems/ruby-1.9.2-p0/gems/sinatra-1.0/lib/sinatra/base.rb:566:in `catch'
 /home/evan/.rvm/gems/ruby-1.9.2-p0/gems/sinatra-1.0/lib/sinatra/base.rb:566:in `invoke'
 /home/evan/.rvm/gems/ruby-1.9.2-p0/gems/sinatra-1.0/lib/sinatra/base.rb:411:in `call!'
 /home/evan/.rvm/gems/ruby-1.9.2-p0/gems/sinatra-1.0/lib/sinatra/base.rb:399:in `call'
 /home/evan/.rvm/gems/ruby-1.9.2-p0/gems/haml-3.0.18/lib/sass/plugin/rack.rb:41:in `call'
 /home/evan/.rvm/gems/ruby-1.9.2-p0/gems/rack-1.2.1/lib/rack/methodoverride.rb:24:in `call'
 /home/evan/.rvm/gems/ruby-1.9.2-p0/gems/sinatra-1.0/lib/sinatra/base.rb:979:in `block in call'
 /home/evan/.rvm/gems/ruby-1.9.2-p0/gems/sinatra-1.0/lib/sinatra/base.rb:1005:in `synchronize'
 /home/evan/.rvm/gems/ruby-1.9.2-p0/gems/sinatra-1.0/lib/sinatra/base.rb:979:in `call'
 /home/evan/.rvm/gems/ruby-1.9.2-p0/gems/padrino-core-0.9.15/lib/padrino-core/router.rb:71:in `block in call'
 /home/evan/.rvm/gems/ruby-1.9.2-p0/gems/padrino-core-0.9.15/lib/padrino-core/router.rb:64:in `each'
 /home/evan/.rvm/gems/ruby-1.9.2-p0/gems/padrino-core-0.9.15/lib/padrino-core/router.rb:64:in `call'
 /home/evan/.rvm/gems/ruby-1.9.2-p0/gems/rack-1.2.1/lib/rack/content_length.rb:13:in `call'
 /home/evan/.rvm/gems/ruby-1.9.2-p0/gems/rack-1.2.1/lib/rack/chunked.rb:15:in `call'
 /home/evan/.rvm/gems/ruby-1.9.2-p0/gems/thin-1.2.7/lib/thin/connection.rb:76:in `block in pre_process'
 /home/evan/.rvm/gems/ruby-1.9.2-p0/gems/thin-1.2.7/lib/thin/connection.rb:74:in `catch'
 /home/evan/.rvm/gems/ruby-1.9.2-p0/gems/thin-1.2.7/lib/thin/connection.rb:74:in `pre_process'
 /home/evan/.rvm/gems/ruby-1.9.2-p0/gems/thin-1.2.7/lib/thin/connection.rb:57:in `process'
 /home/evan/.rvm/gems/ruby-1.9.2-p0/gems/thin-1.2.7/lib/thin/connection.rb:42:in `receive_data'
 /home/evan/.rvm/gems/ruby-1.9.2-p0/gems/eventmachine-0.12.10/lib/eventmachine.rb:256:in `run_machine'
 /home/evan/.rvm/gems/ruby-1.9.2-p0/gems/eventmachine-0.12.10/lib/eventmachine.rb:256:in `run'
 /home/evan/.rvm/gems/ruby-1.9.2-p0/gems/thin-1.2.7/lib/thin/backends/base.rb:57:in `start'
 /home/evan/.rvm/gems/ruby-1.9.2-p0/gems/thin-1.2.7/lib/thin/server.rb:156:in `start'
 /home/evan/.rvm/gems/ruby-1.9.2-p0/gems/rack-1.2.1/lib/rack/handler/thin.rb:14:in `run'
 /home/evan/.rvm/gems/ruby-1.9.2-p0/gems/padrino-core-0.9.15/lib/padrino-core/server.rb:43:in `build'
 /home/evan/.rvm/gems/ruby-1.9.2-p0/gems/padrino-core-0.9.15/lib/padrino-core/server.rb:14:in `run!'
 /home/evan/.rvm/gems/ruby-1.9.2-p0/gems/padrino-core-0.9.15/lib/padrino-core/cli/adapter.rb:29:in `start'
 /home/evan/.rvm/gems/ruby-1.9.2-p0/gems/padrino-core-0.9.15/lib/padrino-core/cli/base.rb:23:in `start'
 /home/evan/.rvm/gems/ruby-1.9.2-p0/gems/thor-0.14.0/lib/thor/task.rb:22:in `run'
 /home/evan/.rvm/gems/ruby-1.9.2-p0/gems/thor-0.14.0/lib/thor/invocation.rb:118:in `invoke_task'
 /home/evan/.rvm/gems/ruby-1.9.2-p0/gems/thor-0.14.0/lib/thor.rb:246:in `dispatch'
 /home/evan/.rvm/gems/ruby-1.9.2-p0/gems/thor-0.14.0/lib/thor/base.rb:389:in `start'
 /home/evan/.rvm/gems/ruby-1.9.2-p0/gems/padrino-core-0.9.15/bin/padrino:8:in `<top (required)>'
 /home/evan/.rvm/gems/ruby-1.9.2-p0/bin/padrino:19:in `load'
 /home/evan/.rvm/gems/ruby-1.9.2-p0/bin/padrino:19:in `<main>'"
